<?xml version="1.0" encoding="UTF-8"?>
<testng-results ignored="0" total="5" passed="4" failed="1" skipped="0">
  <reporter-output>
  </reporter-output>
  <suite started-at="2022-07-26T22:13:37 IST" name="Default suite" finished-at="2022-07-26T22:13:39 IST" duration-ms="2302">
    <groups>
    </groups>
    <test started-at="2022-07-26T22:13:37 IST" name="Default test" finished-at="2022-07-26T22:13:39 IST" duration-ms="2302">
      <class name="test.SampleReport">
        <test-method is-config="true" signature="data()[pri:0, instance:test.SampleReport@7bab3f1a]" started-at="2022-07-26T22:13:37 IST" name="data" finished-at="2022-07-26T22:13:37 IST" duration-ms="325" status="PASS">
          <reporter-output>
          </reporter-output>
        </test-method> <!-- data -->
        <test-method signature="test1()[pri:0, instance:test.SampleReport@7bab3f1a]" started-at="2022-07-26T22:13:37 IST" name="test1" finished-at="2022-07-26T22:13:37 IST" duration-ms="9" status="PASS">
          <reporter-output>
          </reporter-output>
        </test-method> <!-- test1 -->
        <test-method is-config="true" signature="collect(org.testng.ITestResult)[pri:0, instance:test.SampleReport@7bab3f1a]" started-at="2022-07-26T22:13:37 IST" name="collect" finished-at="2022-07-26T22:13:37 IST" duration-ms="10" status="PASS">
          <params>
            <param index="0">
              <value>
                <![CDATA[[TestResult name=test1 status=SUCCESS method=SampleReport.test1()[pri:0, instance:test.SampleReport@7bab3f1a] output={null}]]]>
              </value>
            </param>
          </params>
          <reporter-output>
          </reporter-output>
        </test-method> <!-- collect -->
        <test-method signature="test2()[pri:0, instance:test.SampleReport@7bab3f1a]" started-at="2022-07-26T22:13:37 IST" name="test2" finished-at="2022-07-26T22:13:38 IST" duration-ms="1007" status="FAIL">
          <exception class="org.testng.internal.thread.ThreadTimeoutException">
            <message>
              <![CDATA[Method test.SampleReport.test2() didn't finish within the time-out 1000]]>
            </message>
            <full-stacktrace>
              <![CDATA[org.testng.internal.thread.ThreadTimeoutException: Method test.SampleReport.test2() didn't finish within the time-out 1000
at org.testng.internal.MethodInvocationHelper.invokeWithTimeoutWithNewExecutor(MethodInvocationHelper.java:384)
at org.testng.internal.MethodInvocationHelper.invokeWithTimeout(MethodInvocationHelper.java:283)
at org.testng.internal.TestInvoker.invokeMethod(TestInvoker.java:604)
at org.testng.internal.TestInvoker.invokeTestMethod(TestInvoker.java:173)
at org.testng.internal.MethodRunner.runInSequence(MethodRunner.java:46)
at org.testng.internal.TestInvoker$MethodInvocationAgent.invoke(TestInvoker.java:824)
at org.testng.internal.TestInvoker.invokeTestMethods(TestInvoker.java:146)
at org.testng.internal.TestMethodWorker.invokeTestMethods(TestMethodWorker.java:146)
at org.testng.internal.TestMethodWorker.run(TestMethodWorker.java:128)
at java.base/java.util.ArrayList.forEach(ArrayList.java:1541)
at org.testng.TestRunner.privateRun(TestRunner.java:794)
at org.testng.TestRunner.run(TestRunner.java:596)
at org.testng.SuiteRunner.runTest(SuiteRunner.java:377)
at org.testng.SuiteRunner.runSequentially(SuiteRunner.java:371)
at org.testng.SuiteRunner.privateRun(SuiteRunner.java:332)
at org.testng.SuiteRunner.run(SuiteRunner.java:276)
at org.testng.SuiteRunnerWorker.runSuite(SuiteRunnerWorker.java:53)
at org.testng.SuiteRunnerWorker.run(SuiteRunnerWorker.java:96)
at org.testng.TestNG.runSuitesSequentially(TestNG.java:1212)
at org.testng.TestNG.runSuitesLocally(TestNG.java:1134)
at org.testng.TestNG.runSuites(TestNG.java:1063)
at org.testng.TestNG.run(TestNG.java:1031)
at org.testng.remote.AbstractRemoteTestNG.run(AbstractRemoteTestNG.java:115)
at org.testng.remote.RemoteTestNG.initAndRun(RemoteTestNG.java:251)
at org.testng.remote.RemoteTestNG.main(RemoteTestNG.java:77)
]]>
            </full-stacktrace>
          </exception> <!-- org.testng.internal.thread.ThreadTimeoutException -->
          <reporter-output>
          </reporter-output>
        </test-method> <!-- test2 -->
        <test-method is-config="true" signature="collect(org.testng.ITestResult)[pri:0, instance:test.SampleReport@7bab3f1a]" started-at="2022-07-26T22:13:38 IST" name="collect" finished-at="2022-07-26T22:13:38 IST" duration-ms="5" status="PASS">
          <params>
            <param index="0">
              <value>
                <![CDATA[[TestResult name=test2 status=FAILURE method=SampleReport.test2()[pri:0, instance:test.SampleReport@7bab3f1a] output={null}]]]>
              </value>
            </param>
          </params>
          <reporter-output>
          </reporter-output>
        </test-method> <!-- collect -->
        <test-method signature="test3()[pri:0, instance:test.SampleReport@7bab3f1a]" started-at="2022-07-26T22:13:38 IST" name="test3" finished-at="2022-07-26T22:13:38 IST" duration-ms="10" status="PASS">
          <reporter-output>
          </reporter-output>
        </test-method> <!-- test3 -->
        <test-method is-config="true" signature="collect(org.testng.ITestResult)[pri:0, instance:test.SampleReport@7bab3f1a]" started-at="2022-07-26T22:13:38 IST" name="collect" finished-at="2022-07-26T22:13:38 IST" duration-ms="9" status="PASS">
          <params>
            <param index="0">
              <value>
                <![CDATA[[TestResult name=test3 status=SUCCESS method=SampleReport.test3()[pri:0, instance:test.SampleReport@7bab3f1a] output={null}]]]>
              </value>
            </param>
          </params>
          <reporter-output>
          </reporter-output>
        </test-method> <!-- collect -->
        <test-method signature="test4()[pri:0, instance:test.SampleReport@7bab3f1a]" started-at="2022-07-26T22:13:38 IST" name="test4" finished-at="2022-07-26T22:13:38 IST" duration-ms="9" status="PASS">
          <reporter-output>
          </reporter-output>
        </test-method> <!-- test4 -->
        <test-method is-config="true" signature="collect(org.testng.ITestResult)[pri:0, instance:test.SampleReport@7bab3f1a]" started-at="2022-07-26T22:13:38 IST" name="collect" finished-at="2022-07-26T22:13:38 IST" duration-ms="5" status="PASS">
          <params>
            <param index="0">
              <value>
                <![CDATA[[TestResult name=test4 status=SUCCESS method=SampleReport.test4()[pri:0, instance:test.SampleReport@7bab3f1a] output={null}]]]>
              </value>
            </param>
          </params>
          <reporter-output>
          </reporter-output>
        </test-method> <!-- collect -->
        <test-method signature="test5()[pri:0, instance:test.SampleReport@7bab3f1a]" started-at="2022-07-26T22:13:38 IST" name="test5" finished-at="2022-07-26T22:13:38 IST" duration-ms="27" status="PASS">
          <reporter-output>
          </reporter-output>
        </test-method> <!-- test5 -->
        <test-method is-config="true" signature="collect(org.testng.ITestResult)[pri:0, instance:test.SampleReport@7bab3f1a]" started-at="2022-07-26T22:13:38 IST" name="collect" finished-at="2022-07-26T22:13:38 IST" duration-ms="1" status="PASS">
          <params>
            <param index="0">
              <value>
                <![CDATA[[TestResult name=test5 status=SUCCESS method=SampleReport.test5()[pri:0, instance:test.SampleReport@7bab3f1a] output={null}]]]>
              </value>
            </param>
          </params>
          <reporter-output>
          </reporter-output>
        </test-method> <!-- collect -->
        <test-method is-config="true" signature="garbage()[pri:0, instance:test.SampleReport@7bab3f1a]" started-at="2022-07-26T22:13:38 IST" name="garbage" finished-at="2022-07-26T22:13:39 IST" duration-ms="814" status="PASS">
          <reporter-output>
          </reporter-output>
        </test-method> <!-- garbage -->
      </class> <!-- test.SampleReport -->
    </test> <!-- Default test -->
  </suite> <!-- Default suite -->
</testng-results>
